<?xml version="1.0" encoding="UTF-8"?>
<!-- Generated by org.testng.reporters.JUnitXMLReporter -->
<testsuite ignored="0" hostname="LAPTOP-RALNLQ2A" failures="1" tests="1" name="Test" time="5.543" errors="0" timestamp="2025-05-26T18:10:22 IST">
  <testcase classname="Tests.LoginTest" name="Validate_Login_Page" time="2.111">
    <failure type="java.lang.AssertionError" message="expected [ Integrating Selenium into DevOps: Automating Testing in CI/CD Pipelines ] but found [Integrating Selenium into DevOps: Automating Testing in CI/CD Pipelines]">
      <![CDATA[java.lang.AssertionError: expected [ Integrating Selenium into DevOps: Automating Testing in CI/CD Pipelines ] but found [Integrating Selenium into DevOps: Automating Testing in CI/CD Pipelines]
at Tests.LoginTest.Validate_Login_Page(LoginTest.java:16)
at java.base/java.util.ArrayList.forEach(ArrayList.java:1596)
... Removed 31 stack frames]]>
    </failure>
  </testcase> <!-- Validate_Login_Page -->
</testsuite> <!-- Test -->
